2025-11-02 13:25:45 - process_20251102_132545 - INFO - 同步器参数已从配置加载: {'eye_threshold': 0.999, 'before_onset_measure': 10, 'after_onset_measure': 50, 'after_onset_stats': 100, 'monitor_delay_correction': -5, 'threshold_baseline_weight': 0.1, 'threshold_peak_weight': 0.9, 'highline_detection_window': 20, 'max_time_error': 17.0}
2025-11-02 13:25:45 - process_20251102_132545 - INFO - 开始步骤: process_full_synchronization - 开始完整同步处理流程
2025-11-02 13:25:45 - process_20251102_132545 - INFO - 步骤1: 准备并检查设备间同步
2025-11-02 13:28:08 - process_20251102_132545 - INFO - IMEC Event 4 : 1 Times
2025-11-02 13:28:08 - process_20251102_132545 - INFO - IMEC Event 64 : 20468 Times
2025-11-02 13:28:09 - process_20251102_132545 - INFO - NI Event 1 (sync) : 20468 Times
2025-11-02 13:28:09 - process_20251102_132545 - INFO - NI Event 2 : 1105 Times
2025-11-02 13:28:09 - process_20251102_132545 - INFO - NI Event 4 : 5 Times
2025-11-02 13:28:09 - process_20251102_132545 - INFO - NI Event 8 (trial_start) : 1110 Times
2025-11-02 13:28:09 - process_20251102_132545 - INFO - NI Event 16 : 1105 Times
2025-11-02 13:28:09 - process_20251102_132545 - INFO - NI Event 32 : 50605 Times
2025-11-02 13:28:09 - process_20251102_132545 - INFO - NI Event 64 (stim_onset) : 50932 Times
2025-11-02 13:28:09 - process_20251102_132545 - INFO - NI Event 128 : 4737 Times
2025-11-02 13:28:09 - process_20251102_132545 - WARNING - 同步质量警告: 最大误差 38.533ms 超过阈值 17.0ms
2025-11-02 13:28:09 - process_20251102_132545 - INFO - 步骤2: 检查MonkeyLogic和NI设备对齐
2025-11-02 13:28:09 - process_20251102_132545 - INFO - MonkeyLogic Has 1105 trials 50932 onset (code 64) 50605 offset (code 32)
2025-11-02 13:28:09 - process_20251102_132545 - INFO - SGLX onset count: 50932 (bit 6), MaxErr: 0
2025-11-02 13:28:09 - process_20251102_132545 - INFO - 步骤3: 提取数据集信息
2025-11-02 13:28:09 - process_20251102_132545 - INFO - 数据集名称: nsd1w
2025-11-02 13:28:09 - process_20251102_132545 - INFO - 步骤4: 眼动验证和试次筛选
2025-11-02 13:28:09 - process_20251102_132545 - ERROR - 眼动验证失败: could not broadcast input array from shape (151,2) into shape (150,2)
2025-11-02 13:28:09 - process_20251102_132545 - ERROR - 步骤失败: process_full_synchronization (耗时: 0:02:23.687462) - could not broadcast input array from shape (151,2) into shape (150,2)
