2025-11-02 13:54:46 - process_20251102_135446 - INFO - 同步器参数已从配置加载: {'eye_threshold': 0.999, 'before_onset_measure': 10, 'after_onset_measure': 50, 'after_onset_stats': 100, 'monitor_delay_correction': -5, 'threshold_baseline_weight': 0.1, 'threshold_peak_weight': 0.9, 'highline_detection_window': 20, 'max_time_error': 17.0}
2025-11-02 13:54:46 - process_20251102_135446 - INFO - 开始步骤: process_full_synchronization - 开始完整同步处理流程
2025-11-02 13:54:46 - process_20251102_135446 - INFO - 步骤1: 准备并检查设备间同步
2025-11-02 13:54:53 - process_20251102_135446 - INFO - IMEC Event 4 : 1 Times
2025-11-02 13:54:53 - process_20251102_135446 - INFO - IMEC Event 64 : 20468 Times
2025-11-02 13:54:53 - process_20251102_135446 - INFO - NI Event 1 (sync) : 20468 Times
2025-11-02 13:54:53 - process_20251102_135446 - INFO - NI Event 2 : 1105 Times
2025-11-02 13:54:53 - process_20251102_135446 - INFO - NI Event 4 : 5 Times
2025-11-02 13:54:53 - process_20251102_135446 - INFO - NI Event 8 (trial_start) : 1110 Times
2025-11-02 13:54:53 - process_20251102_135446 - INFO - NI Event 16 : 1105 Times
2025-11-02 13:54:53 - process_20251102_135446 - INFO - NI Event 32 : 50605 Times
2025-11-02 13:54:53 - process_20251102_135446 - INFO - NI Event 64 (stim_onset) : 50932 Times
2025-11-02 13:54:53 - process_20251102_135446 - INFO - NI Event 128 : 4737 Times
2025-11-02 13:54:53 - process_20251102_135446 - WARNING - 同步质量警告: 最大误差 38.533ms 超过阈值 17.0ms
2025-11-02 13:54:53 - process_20251102_135446 - INFO - 步骤2: 检查MonkeyLogic和NI设备对齐
2025-11-02 13:54:53 - process_20251102_135446 - INFO - MonkeyLogic Has 1105 trials 50932 onset (code 64) 50605 offset (code 32)
2025-11-02 13:54:53 - process_20251102_135446 - INFO - SGLX onset count: 50932 (bit 6), MaxErr: 0
2025-11-02 13:54:53 - process_20251102_135446 - INFO - 步骤3: 提取数据集信息
2025-11-02 13:54:53 - process_20251102_135446 - INFO - 数据集名称: nsd1w
2025-11-02 13:54:53 - process_20251102_135446 - INFO - 步骤4: 眼动验证和试次筛选
2025-11-02 13:54:54 - process_20251102_135446 - INFO - 眼动验证完成: 50932个有效onset, 图像数量: 10072
2025-11-02 13:54:54 - process_20251102_135446 - INFO - 步骤5: 光敏二极管时间校准
2025-11-02 13:55:04 - process_20251102_135446 - INFO - 光敏二极管校准完成: 50932个onset, 延迟范围: 17.0~29.0ms
2025-11-02 13:55:04 - process_20251102_135446 - INFO - 步骤6: 生成数据检查可视化
2025-11-02 13:55:05 - process_20251102_135446 - INFO - 可视化图表生成完成
2025-11-02 13:55:05 - process_20251102_135446 - INFO - 步骤7: 准备导出数据
2025-11-02 13:55:09 - process_20251102_135446 - INFO - 导出数据准备完成
2025-11-02 13:55:09 - process_20251102_135446 - INFO - 步骤8: 导出数据到HDF5文件
2025-11-02 13:55:11 - process_20251102_135446 - INFO - 步骤完成: process_full_synchronization (耗时: 0:00:24.961149) - 完整同步处理流程完成
