2025-10-03 11:21:51 - process_20251003_112151 - INFO - Bombcell Python API已就绪
2025-10-03 11:21:51 - process_20251003_112151 - INFO - 验证Kilosort输出目录: F:\ProcessPipeline\testdata\wordfob\processed\SI\KS4\sorter_output
2025-10-03 11:21:51 - process_20251003_112151 - WARNING - 部分Kilosort文件缺失: ['cluster_info.tsv']
2025-10-03 11:21:51 - process_20251003_112151 - INFO - 开始步骤: setup_bombcell_params - 设置Bombcell参数
2025-10-03 11:21:51 - process_20251003_112151 - INFO - 找到ap.bin和ap.meta文件: F:\ProcessPipeline\testdata\wordfob\NPX_MD241029_exp_g0\NPX_MD241029_exp_g0_imec0\NPX_MD241029_exp_g0_t0.imec0.ap.bin和F:\ProcessPipeline\testdata\wordfob\NPX_MD241029_exp_g0\NPX_MD241029_exp_g0_imec0\NPX_MD241029_exp_g0_t0.imec0.ap.meta
2025-10-03 11:21:51 - process_20251003_112151 - INFO - 使用Bombcell默认参数
2025-10-03 11:21:51 - process_20251003_112151 - INFO - 步骤完成: setup_bombcell_params (耗时: 0:00:00.003999) - Bombcell参数设置完成
2025-10-03 11:21:51 - process_20251003_112151 - INFO - 开始步骤: run_quality_control - 运行Bombcell质量控制
2025-10-03 11:21:51 - process_20251003_112151 - INFO - Bombcell结果保存路径: F:\ProcessPipeline\testdata\wordfob\processed\SI\bombcell
2025-10-03 11:21:51 - process_20251003_112151 - INFO - 运行Bombcell分析，保存路径: F:\ProcessPipeline\testdata\wordfob\processed\SI\bombcell
2025-10-03 11:21:51 - process_20251003_112151 - INFO - 开始Bombcell分析...
2025-10-03 11:21:56 - process_20251003_112151 - INFO - Bombcell结果已保存到: F:\ProcessPipeline\testdata\wordfob\processed\SI\bombcell\bombcell_results.json
2025-10-03 11:21:56 - process_20251003_112151 - INFO - 处理结果 (Bombcell质量控制结果):
  total_units: 371
  good_units: 50
  mua_units: 137
  no-somatic_units: 78
  noise_units: 106
  good_unit_ratio: 0.7142857142857143
  qMetric_summary: {'phy_clusterID': {'mean': 185.0, 'std': 107.09808588392231, 'median': 185.0}, 'nSpikes': {'mean': 957.1536388140162, 'std': 1331.2240058508582, 'median': 438.0}, 'nPeaks': {'mean': 1.7239263803680982, 'std': 0.5170509053777287, 'median': 2.0}, 'nTroughs': {'mean': 1.098159509202454, 'std': 0.33625005168207905, 'median': 1.0}, 'waveformDuration_peakTrough': {'mean': 481.1860940695297, 'std': 215.33052888750845, 'median': 533.3333333333334}, 'spatialDecaySlope': {'mean': 0.02971286055726601, 'std': 0.024141090330027194, 'median': 0.022388576264078714}, 'waveformBaselineFlatness': {'mean': 0.13461301134087922, 'std': 0.09705975735411404, 'median': 0.12305270507931709}, 'scndPeakToTroughRatio': {'mean': 0.3286273949863489, 'std': 0.32416215403421433, 'median': 0.2793917953968048}, 'mainPeakToTroughRatio': {'mean': 1.2150891228961798, 'std': 1.4217992374323392, 'median': 0.4089622348546982}, 'peak1ToPeak2Ratio': {'mean': 33.10865569287237, 'std': 245.84755464714772, 'median': 0.8299023807048798}, 'troughToPeak2Ratio': {'mean': 4.688634050495786, 'std': 4.940935956895719, 'median': 4.356828689575195}, 'mainPeak_before_width': {'mean': 4.0855824976893045, 'std': 3.630263557144808, 'median': 2.9941273806660904}, 'mainTrough_width': {'mean': 9.05427859526614, 'std': 5.491857785101969, 'median': 7.520853696157152}, 'percentageSpikesMissing_gaussian': {'mean': 6.357684580947392, 'std': 13.369783917159403, 'median': 3.6180739032391385}, 'percentageSpikesMissing_symmetric': {'mean': 15.528957687551094, 'std': 10.838574998031287, 'median': 16.340154961312816}, 'RPV_window_index': {'mean': 6.58282208588957, 'std': 3.521739584998142, 'median': 9.0}, 'fractionRPVs_estimatedTauR': {'mean': 0.424140638901617, 'std': 0.4723389945811354, 'median': 0.06633673617316338}, 'presenceRatio': {'mean': 0.9943762781186093, 'std': 0.051086386428367304, 'median': 1.0}, 'maxDriftEstimate': {'mean': 41.06267194221356, 'std': 203.838108248427, 'median': 11.45849609375}, 'cumDriftEstimate': {'mean': 93.16979341565465, 'std': 563.3326749067014, 'median': 23.910858154296875}, 'rawAmplitude': {'mean': 7.357487584603857, 'std': 6.0959686762312195, 'median': 5.61818705756334}, 'signalToNoiseRatio': {'mean': 10.97549020757488, 'std': 12.712715191989489, 'median': 7.770285713131022}, 'isolationDistance': {'mean': nan, 'std': nan, 'median': nan}, 'Lratio': {'mean': nan, 'std': nan, 'median': nan}, 'silhouetteScore': {'mean': nan, 'std': nan, 'median': nan}, 'useTheseTimesStart': {'mean': 0.0005000000000000001, 'std': 1.0842021724855044e-19, 'median': 0.0005}, 'useTheseTimesStop': {'mean': 373.32256666666666, 'std': 0.0, 'median': 373.32256666666666}, 'maxChannels': {'mean': 160.2533692722372, 'std': 114.74591858086309, 'median': 140.0}}
2025-10-03 11:21:56 - process_20251003_112151 - INFO - 步骤完成: run_quality_control (耗时: 0:00:04.431016) - Bombcell分析完成：50/371 个优质神经元
