2025-10-05 22:09:20 - process_20251005_220920 - INFO - Bombcell Python API已就绪
2025-10-05 22:09:20 - process_20251005_220920 - INFO - 验证Kilosort输出目录: F:\#Fewshotlearning\data\raw\250820zhuangzhuang\processed\SI\KS4\sorter_output
2025-10-05 22:09:20 - process_20251005_220920 - WARNING - 部分Kilosort文件缺失: ['cluster_info.tsv']
2025-10-05 22:09:20 - process_20251005_220920 - INFO - 开始步骤: setup_bombcell_params - 设置Bombcell参数
2025-10-05 22:09:20 - process_20251005_220920 - INFO - 找到ap.bin和ap.meta文件: F:\#Fewshotlearning\data\raw\250820zhuangzhuang\NPX_ZZ250820_exp2_g6\NPX_ZZ250820_exp2_g6_imec0\NPX_ZZ250820_exp2_g6_t0.imec0.ap.bin和F:\#Fewshotlearning\data\raw\250820zhuangzhuang\NPX_ZZ250820_exp2_g6\NPX_ZZ250820_exp2_g6_imec0\NPX_ZZ250820_exp2_g6_t0.imec0.ap.meta
2025-10-05 22:09:20 - process_20251005_220920 - INFO - 使用Bombcell默认参数
2025-10-05 22:09:20 - process_20251005_220920 - INFO - 步骤完成: setup_bombcell_params (耗时: 0:00:00.003999) - Bombcell参数设置完成
2025-10-05 22:09:20 - process_20251005_220920 - INFO - 开始步骤: run_quality_control - 运行Bombcell质量控制
2025-10-05 22:09:20 - process_20251005_220920 - INFO - Bombcell结果保存路径: F:\#Fewshotlearning\data\raw\250820zhuangzhuang\processed\SI\bombcell
2025-10-05 22:09:20 - process_20251005_220920 - INFO - 运行Bombcell分析，保存路径: F:\#Fewshotlearning\data\raw\250820zhuangzhuang\processed\SI\bombcell
2025-10-05 22:09:20 - process_20251005_220920 - INFO - 开始Bombcell分析...
2025-10-05 22:18:52 - process_20251005_220920 - INFO - Bombcell结果已保存到: F:\#Fewshotlearning\data\raw\250820zhuangzhuang\processed\SI\bombcell\bombcell_results.json
2025-10-05 22:18:52 - process_20251005_220920 - INFO - 处理结果 (Bombcell质量控制结果):
  total_units: 745
  good_units: 98
  mua_units: 347
  no-somatic_units: 241
  noise_units: 59
  good_unit_ratio: 0.9208053691275168
  qMetric_summary: {'phy_clusterID': {'mean': 372.0, 'std': 215.06278153134727, 'median': 372.0}, 'nSpikes': {'mean': 48038.208053691276, 'std': 58307.80430484426, 'median': 22053.0}, 'nPeaks': {'mean': 1.4688346883468835, 'std': 0.5280521010776732, 'median': 1.0}, 'nTroughs': {'mean': 1.0542005420054201, 'std': 0.2650151560828848, 'median': 1.0}, 'waveformDuration_peakTrough': {'mean': 503.29719963866313, 'std': 158.99118853541864, 'median': 533.3333333333334}, 'spatialDecaySlope': {'mean': 0.02223843474364786, 'std': 0.014695129681779998, 'median': 0.01713802406591205}, 'waveformBaselineFlatness': {'mean': 0.1096275126770376, 'std': 0.06487166534387424, 'median': 0.0983939990401268}, 'scndPeakToTroughRatio': {'mean': 0.3550640433485024, 'std': 0.23176094619974955, 'median': 0.32844454050064087}, 'mainPeakToTroughRatio': {'mean': 1.0113717069026578, 'std': 0.9929100512289645, 'median': 0.4451166242361069}, 'peak1ToPeak2Ratio': {'mean': 10.280682532326255, 'std': 140.5844111247482, 'median': 0.39155304431915283}, 'troughToPeak2Ratio': {'mean': 11.588369035694576, 'std': 20.67273323196359, 'median': 7.472584962844849}, 'mainPeak_before_width': {'mean': 6.646806967955294, 'std': 2.8234651870317284, 'median': 6.736345752106966}, 'mainTrough_width': {'mean': 9.583668000504911, 'std': 5.552029859509275, 'median': 7.4758027662981466}, 'percentageSpikesMissing_gaussian': {'mean': 4.622926080484061, 'std': 4.055240948673055, 'median': 3.991409894639225}, 'percentageSpikesMissing_symmetric': {'mean': 17.741437563084325, 'std': 9.032419694374466, 'median': 19.429098588151938}, 'RPV_window_index': {'mean': 6.46070460704607, 'std': 3.8412538239282337, 'median': 9.0}, 'fractionRPVs_estimatedTauR': {'mean': 0.6546224541420231, 'std': 0.42359425719598115, 'median': 1.0}, 'presenceRatio': {'mean': 0.9456645988260831, 'std': 0.1598480586587567, 'median': 1.0}, 'maxDriftEstimate': {'mean': 341.6167943521244, 'std': 844.0644715193808, 'median': 34.0029296875}, 'cumDriftEstimate': {'mean': 6235.144647093272, 'std': 20878.069493852854, 'median': 1046.5242919921875}, 'rawAmplitude': {'mean': 47.42965465655307, 'std': 50.431807044378154, 'median': 38.83982867034638}, 'signalToNoiseRatio': {'mean': 39.44099364390351, 'std': 41.07056969687001, 'median': 28.890089598568437}, 'isolationDistance': {'mean': nan, 'std': nan, 'median': nan}, 'Lratio': {'mean': nan, 'std': nan, 'median': nan}, 'silhouetteScore': {'mean': nan, 'std': nan, 'median': nan}, 'useTheseTimesStart': {'mean': 0.0015666666666666674, 'std': 6.505213034913027e-19, 'median': 0.0015666666666666667}, 'useTheseTimesStop': {'mean': 12709.352366666666, 'std': 0.0, 'median': 12709.352366666666}, 'maxChannels': {'mean': 168.03892617449665, 'std': 100.4090417540223, 'median': 161.0}}
2025-10-05 22:18:52 - process_20251005_220920 - INFO - 步骤完成: run_quality_control (耗时: 0:09:32.706464) - Bombcell分析完成：98/745 个优质神经元
