2026-03-29 21:20:51 - process_20260329_212051 - INFO - 同步器参数已从配置加载: {'eye_threshold': 0.999, 'before_onset_measure': 10, 'after_onset_measure': 50, 'after_onset_stats': 100, 'monitor_delay_correction': -5, 'threshold_baseline_weight': 0.1, 'threshold_peak_weight': 0.9, 'highline_detection_window': 20, 'max_time_error': 17.0}
2026-03-29 21:20:55 - process_20260329_212051 - INFO - 开始步骤: process_full_synchronization - 开始完整同步处理流程
2026-03-29 21:20:55 - process_20260329_212051 - INFO - 步骤1: 准备并检查设备间同步
2026-03-29 21:21:03 - process_20260329_212051 - INFO - IMEC Event 64 : 19261 Times
2026-03-29 21:21:04 - process_20260329_212051 - INFO - NI Event 1 (sync) : 19261 Times
2026-03-29 21:21:04 - process_20260329_212051 - INFO - NI Event 2 : 1537 Times
2026-03-29 21:21:04 - process_20260329_212051 - INFO - NI Event 4 : 18 Times
2026-03-29 21:21:04 - process_20260329_212051 - INFO - NI Event 8 (trial_start) : 1555 Times
2026-03-29 21:21:04 - process_20260329_212051 - INFO - NI Event 16 : 1537 Times
2026-03-29 21:21:04 - process_20260329_212051 - INFO - NI Event 32 : 53093 Times
2026-03-29 21:21:04 - process_20260329_212051 - INFO - NI Event 64 (stim_onset) : 54041 Times
2026-03-29 21:21:04 - process_20260329_212051 - INFO - NI Event 128 : 4312 Times
2026-03-29 21:21:04 - process_20260329_212051 - WARNING - 同步质量警告: 最大误差 46.682ms 超过阈值 17.0ms
2026-03-29 21:21:04 - process_20260329_212051 - INFO - 步骤2: 检查MonkeyLogic和NI设备对齐
2026-03-29 21:21:04 - process_20260329_212051 - INFO - MonkeyLogic Has 1537 trials 54041 onset (code 64) 53093 offset (code 32)
2026-03-29 21:21:04 - process_20260329_212051 - INFO - SGLX onset count: 54041 (bit 6), MaxErr: 0
2026-03-29 21:21:04 - process_20260329_212051 - INFO - 步骤3: 提取数据集信息
2026-03-29 21:21:04 - process_20260329_212051 - INFO - 数据集名称: nsd1w
2026-03-29 21:21:04 - process_20260329_212051 - INFO - 步骤4: 眼动验证和试次筛选
2026-03-29 21:21:05 - process_20260329_212051 - INFO - 眼动验证完成: 54041个有效onset, 图像数量: 10072
2026-03-29 21:21:05 - process_20260329_212051 - INFO - 步骤5: 光敏二极管时间校准
2026-03-29 21:21:17 - process_20260329_212051 - INFO - 光敏二极管校准完成: 54041个onset, 延迟范围: 17.0~44.0ms
2026-03-29 21:21:17 - process_20260329_212051 - INFO - 步骤6: 生成数据检查可视化
2026-03-29 21:21:18 - process_20260329_212051 - INFO - 可视化图表生成完成
2026-03-29 21:21:18 - process_20260329_212051 - INFO - 步骤7: 准备导出数据
2026-03-29 21:21:22 - process_20260329_212051 - INFO - 导出数据准备完成
2026-03-29 21:21:22 - process_20260329_212051 - INFO - 步骤8: 导出数据到HDF5文件
2026-03-29 21:21:23 - process_20260329_212051 - INFO - 步骤完成: process_full_synchronization (耗时: 0:00:28.151574) - 完整同步处理流程完成
