2026-01-01 14:00:55 - process_20260101_140055 - INFO - Bombcell Python API已就绪
2026-01-01 14:00:55 - process_20260101_140055 - INFO - 验证Kilosort输出目录: E:\TripleN10k_ZhangZhuang\processed\SI\KS4\sorter_output
2026-01-01 14:00:55 - process_20260101_140055 - WARNING - 部分Kilosort文件缺失: ['cluster_info.tsv']
2026-01-01 14:00:55 - process_20260101_140055 - INFO - 开始步骤: setup_bombcell_params - 设置Bombcell参数
2026-01-01 14:00:55 - process_20260101_140055 - INFO - 找到ap.bin和ap.meta文件: E:\TripleN10k_ZhangZhuang\NPX_ZhuangZhuang_251112_exp2_g2\NPX_ZhuangZhuang_251112_exp2_g2_imec0\NPX_ZhuangZhuang_251112_exp2_g2_t0.imec0.ap.bin和E:\TripleN10k_ZhangZhuang\NPX_ZhuangZhuang_251112_exp2_g2\NPX_ZhuangZhuang_251112_exp2_g2_imec0\NPX_ZhuangZhuang_251112_exp2_g2_t0.imec0.ap.meta
2026-01-01 14:00:55 - process_20260101_140055 - INFO - 使用Bombcell默认参数
2026-01-01 14:00:55 - process_20260101_140055 - INFO - 步骤完成: setup_bombcell_params (耗时: 0:00:00.002999) - Bombcell参数设置完成
2026-01-01 14:00:55 - process_20260101_140055 - INFO - 开始步骤: run_quality_control - 运行Bombcell质量控制
2026-01-01 14:00:55 - process_20260101_140055 - INFO - Bombcell结果保存路径: E:\TripleN10k_ZhangZhuang\processed\SI\bombcell
2026-01-01 14:00:55 - process_20260101_140055 - INFO - 运行Bombcell分析，保存路径: E:\TripleN10k_ZhangZhuang\processed\SI\bombcell
2026-01-01 14:00:55 - process_20260101_140055 - INFO - 开始Bombcell分析...
2026-01-01 14:02:55 - process_20260101_140055 - INFO - Bombcell结果已保存到: E:\TripleN10k_ZhangZhuang\processed\SI\bombcell\bombcell_results.json
2026-01-01 14:02:55 - process_20260101_140055 - INFO - 处理结果 (Bombcell质量控制结果):
  total_units: 498
  good_units: 56
  mua_units: 231
  no-somatic_units: 166
  noise_units: 45
  good_unit_ratio: 0.9096385542168675
  qMetric_summary: {'phy_clusterID': {'mean': 248.5, 'std': 143.75992719345217, 'median': 248.5}, 'nSpikes': {'mean': 36816.47590361446, 'std': 62745.129737658564, 'median': 10397.5}, 'nPeaks': {'mean': 1.4044715447154472, 'std': 0.49078948056264127, 'median': 1.0}, 'nTroughs': {'mean': 1.0060975609756098, 'std': 0.07784844716343725, 'median': 1.0}, 'waveformDuration_peakTrough': {'mean': 523.6449864498644, 'std': 152.86659398070523, 'median': 566.6666666666666}, 'spatialDecaySlope': {'mean': 0.02491892100463286, 'std': 0.015850769367768414, 'median': 0.019944623450757534}, 'waveformBaselineFlatness': {'mean': 0.12059015275747705, 'std': 0.06602934779527116, 'median': 0.10916325077414513}, 'scndPeakToTroughRatio': {'mean': 0.35356505031080354, 'std': 0.6298462549912917, 'median': 0.3173871785402298}, 'mainPeakToTroughRatio': {'mean': 1.1996101531071393, 'std': 1.356788636971033, 'median': 0.4590233415365219}, 'peak1ToPeak2Ratio': {'mean': 15.703926055679537, 'std': 86.46899355608186, 'median': 0.42592111229896545}, 'troughToPeak2Ratio': {'mean': 38.41772613230699, 'std': 499.274488575301, 'median': 6.241686820983887}, 'mainPeak_before_width': {'mean': 6.650524918533043, 'std': 3.19797255592555, 'median': 6.801903753763851}, 'mainTrough_width': {'mean': 9.899127027307689, 'std': 5.045727436078519, 'median': 7.893920286772262}, 'percentageSpikesMissing_gaussian': {'mean': 4.795269653649303, 'std': 5.271698553419119, 'median': 3.5882902871374522}, 'percentageSpikesMissing_symmetric': {'mean': 16.302250333926846, 'std': 9.284105464399685, 'median': 17.426956305986565}, 'RPV_window_index': {'mean': 4.3638211382113825, 'std': 4.29025081616092, 'median': 3.0}, 'fractionRPVs_estimatedTauR': {'mean': 0.48107120052157665, 'std': 0.4014178099083336, 'median': 0.37409110584302074}, 'presenceRatio': {'mean': 0.8829062620983353, 'std': 0.2140543325926557, 'median': 0.9940476190476191}, 'maxDriftEstimate': {'mean': 561.2123570636036, 'std': 886.7652686205467, 'median': 74.9849853515625}, 'cumDriftEstimate': {'mean': 29194.108871657507, 'std': 71246.26957672308, 'median': 2822.8802032470703}, 'rawAmplitude': {'mean': 10.110660429435926, 'std': 5.749701324592785, 'median': 9.413808211594397}, 'signalToNoiseRatio': {'mean': 14.029920577103002, 'std': 10.895085126397575, 'median': 11.460085609811303}, 'isolationDistance': {'mean': nan, 'std': nan, 'median': nan}, 'Lratio': {'mean': nan, 'std': nan, 'median': nan}, 'silhouetteScore': {'mean': nan, 'std': nan, 'median': nan}, 'useTheseTimesStart': {'mean': 0.00040000000000000013, 'std': 1.0842021724855044e-19, 'median': 0.0004}, 'useTheseTimesStop': {'mean': 20211.826766666665, 'std': 0.0, 'median': 20211.826766666665}, 'maxChannels': {'mean': 160.82530120481928, 'std': 91.83355164229788, 'median': 151.0}}
2026-01-01 14:02:55 - process_20260101_140055 - INFO - 步骤完成: run_quality_control (耗时: 0:02:00.713374) - Bombcell分析完成：56/498 个优质神经元
