2026-01-01 14:00:27 - process_20260101_140027 - INFO - 同步器参数已从配置加载: {'eye_threshold': 0.999, 'before_onset_measure': 10, 'after_onset_measure': 50, 'after_onset_stats': 100, 'monitor_delay_correction': -5, 'threshold_baseline_weight': 0.1, 'threshold_peak_weight': 0.9, 'highline_detection_window': 20, 'max_time_error': 17.0}
2026-01-01 14:00:27 - process_20260101_140027 - INFO - 开始步骤: process_full_synchronization - 开始完整同步处理流程
2026-01-01 14:00:27 - process_20260101_140027 - INFO - 步骤1: 准备并检查设备间同步
2026-01-01 14:00:35 - process_20260101_140027 - INFO - IMEC Event 64 : 20212 Times
2026-01-01 14:00:35 - process_20260101_140027 - INFO - NI Event 1 (sync) : 20212 Times
2026-01-01 14:00:35 - process_20260101_140027 - INFO - NI Event 2 : 681 Times
2026-01-01 14:00:35 - process_20260101_140027 - INFO - NI Event 4 : 2 Times
2026-01-01 14:00:36 - process_20260101_140027 - INFO - NI Event 8 (trial_start) : 683 Times
2026-01-01 14:00:36 - process_20260101_140027 - INFO - NI Event 16 : 681 Times
2026-01-01 14:00:36 - process_20260101_140027 - INFO - NI Event 32 : 49298 Times
2026-01-01 14:00:36 - process_20260101_140027 - INFO - NI Event 64 (stim_onset) : 49706 Times
2026-01-01 14:00:36 - process_20260101_140027 - INFO - NI Event 128 : 0 Times
2026-01-01 14:00:36 - process_20260101_140027 - WARNING - 同步质量警告: 最大误差 32.991ms 超过阈值 17.0ms
2026-01-01 14:00:36 - process_20260101_140027 - INFO - 步骤2: 检查MonkeyLogic和NI设备对齐
2026-01-01 14:00:36 - process_20260101_140027 - INFO - MonkeyLogic Has 681 trials 49706 onset (code 64) 49298 offset (code 32)
2026-01-01 14:00:36 - process_20260101_140027 - INFO - SGLX onset count: 49706 (bit 6), MaxErr: 0
2026-01-01 14:00:36 - process_20260101_140027 - INFO - 步骤3: 提取数据集信息
2026-01-01 14:00:36 - process_20260101_140027 - INFO - 数据集名称: nsd1w
2026-01-01 14:00:36 - process_20260101_140027 - INFO - 步骤4: 眼动验证和试次筛选
2026-01-01 14:00:36 - process_20260101_140027 - INFO - 眼动验证完成: 49706个有效onset, 图像数量: 10072
2026-01-01 14:00:36 - process_20260101_140027 - INFO - 步骤5: 光敏二极管时间校准
2026-01-01 14:00:47 - process_20260101_140027 - INFO - 光敏二极管校准完成: 49706个onset, 延迟范围: 17.0~68.0ms
2026-01-01 14:00:47 - process_20260101_140027 - INFO - 步骤6: 生成数据检查可视化
2026-01-01 14:00:48 - process_20260101_140027 - INFO - 可视化图表生成完成
2026-01-01 14:00:48 - process_20260101_140027 - INFO - 步骤7: 准备导出数据
2026-01-01 14:00:53 - process_20260101_140027 - INFO - 导出数据准备完成
2026-01-01 14:00:53 - process_20260101_140027 - INFO - 步骤8: 导出数据到HDF5文件
2026-01-01 14:00:55 - process_20260101_140027 - INFO - 步骤完成: process_full_synchronization (耗时: 0:00:27.705082) - 完整同步处理流程完成
