2026-03-06 09:46:22 - process_20260306_094622 - INFO - Bombcell Python API已就绪
2026-03-06 09:46:22 - process_20260306_094622 - INFO - 验证Kilosort输出目录: E:\TripleN10k_JianJian260302\processed\SI\KS4\sorter_output
2026-03-06 09:46:22 - process_20260306_094622 - WARNING - 部分Kilosort文件缺失: ['cluster_info.tsv']
2026-03-06 09:46:22 - process_20260306_094622 - INFO - 开始步骤: setup_bombcell_params - 设置Bombcell参数
2026-03-06 09:46:22 - process_20260306_094622 - INFO - 找到ap.bin和ap.meta文件: E:\TripleN10k_JianJian260302\NPX_JJ260302_exp_g7\NPX_JJ260302_exp_g7_imec0\NPX_JJ260302_exp_g7_t0.imec0.ap.bin和E:\TripleN10k_JianJian260302\NPX_JJ260302_exp_g7\NPX_JJ260302_exp_g7_imec0\NPX_JJ260302_exp_g7_t0.imec0.ap.meta
2026-03-06 09:46:22 - process_20260306_094622 - INFO - 使用Bombcell默认参数
2026-03-06 09:46:22 - process_20260306_094622 - INFO - 步骤完成: setup_bombcell_params (耗时: 0:00:00.002997) - Bombcell参数设置完成
2026-03-06 09:46:22 - process_20260306_094622 - INFO - 开始步骤: run_quality_control - 运行Bombcell质量控制
2026-03-06 09:46:22 - process_20260306_094622 - INFO - Bombcell结果保存路径: E:\TripleN10k_JianJian260302\processed\SI\bombcell
2026-03-06 09:46:22 - process_20260306_094622 - INFO - 运行Bombcell分析，保存路径: E:\TripleN10k_JianJian260302\processed\SI\bombcell
2026-03-06 09:46:22 - process_20260306_094622 - INFO - 开始Bombcell分析...
2026-03-06 09:55:50 - process_20260306_094622 - INFO - Bombcell结果已保存到: E:\TripleN10k_JianJian260302\processed\SI\bombcell\bombcell_results.json
2026-03-06 09:55:50 - process_20260306_094622 - INFO - 处理结果 (Bombcell质量控制结果):
  total_units: 953
  good_units: 158
  mua_units: 446
  no-somatic_units: 287
  noise_units: 62
  good_unit_ratio: 0.9349422875131165
  qMetric_summary: {'phy_clusterID': {'mean': 476.0, 'std': 275.1072518128157, 'median': 476.0}, 'nSpikes': {'mean': 61455.820566631686, 'std': 83204.04267224988, 'median': 30774.0}, 'nPeaks': {'mean': 1.4726890756302522, 'std': 0.5034439334050405, 'median': 1.0}, 'nTroughs': {'mean': 1.028361344537815, 'std': 0.17221445644880376, 'median': 1.0}, 'waveformDuration_peakTrough': {'mean': 378.74649859943975, 'std': 187.1763429391854, 'median': 300.0}, 'spatialDecaySlope': {'mean': 0.0274109247465935, 'std': 0.014012102294576336, 'median': 0.02353310707240624}, 'waveformBaselineFlatness': {'mean': 0.07374280161359308, 'std': 0.054289491870401524, 'median': 0.056997474282979965}, 'scndPeakToTroughRatio': {'mean': 0.32873100903975494, 'std': 0.5200835820715792, 'median': 0.25269274413585663}, 'mainPeakToTroughRatio': {'mean': 1.1947048087486951, 'std': 1.451975331160838, 'median': 0.45846785604953766}, 'peak1ToPeak2Ratio': {'mean': 16.389970797407987, 'std': 123.44623762157173, 'median': 0.6606454849243164}, 'troughToPeak2Ratio': {'mean': 13.271330644611362, 'std': 73.4849892428512, 'median': 5.013547897338867}, 'mainPeak_before_width': {'mean': 4.755885711901338, 'std': 1.9671591325463615, 'median': 4.7244421149162354}, 'mainTrough_width': {'mean': 7.079838910821655, 'std': 4.678145656113022, 'median': 5.754220156987458}, 'percentageSpikesMissing_gaussian': {'mean': 4.514429131104877, 'std': 5.716484047102361, 'median': 3.471953231817321}, 'percentageSpikesMissing_symmetric': {'mean': 16.703164082191716, 'std': 8.373317035909778, 'median': 17.624352878878568}, 'RPV_window_index': {'mean': 4.5, 'std': 4.11698674177277, 'median': 4.0}, 'fractionRPVs_estimatedTauR': {'mean': 0.5051497815282741, 'std': 0.41487951149145885, 'median': 0.3840956355262327}, 'presenceRatio': {'mean': 0.9434617597038815, 'std': 0.17697298672268583, 'median': 1.0}, 'maxDriftEstimate': {'mean': 258.9877975276288, 'std': 676.7841662933121, 'median': 37.68799591064453}, 'cumDriftEstimate': {'mean': 10543.16109067395, 'std': 47897.2662462736, 'median': 1743.5738677978516}, 'rawAmplitude': {'mean': 20.142707168385098, 'std': 14.988851211757341, 'median': 16.70078042371761}, 'signalToNoiseRatio': {'mean': 23.837869856539122, 'std': 21.062156406095927, 'median': 17.3867944230772}, 'isolationDistance': {'mean': nan, 'std': nan, 'median': nan}, 'Lratio': {'mean': nan, 'std': nan, 'median': nan}, 'silhouetteScore': {'mean': nan, 'std': nan, 'median': nan}, 'useTheseTimesStart': {'mean': 0.0003, 'std': 0.0, 'median': 0.0003}, 'useTheseTimesStop': {'mean': 20162.43416666667, 'std': 3.637978807091713e-12, 'median': 20162.434166666666}, 'maxChannels': {'mean': 183.12381951731373, 'std': 109.80173580135953, 'median': 183.0}}
2026-03-06 09:55:50 - process_20260306_094622 - INFO - 步骤完成: run_quality_control (耗时: 0:09:27.952975) - Bombcell分析完成：158/953 个优质神经元
