2025-10-03 13:04:54 - process_20251003_130454 - INFO - 同步器参数已从配置加载: {'eye_threshold': 0.999, 'before_onset_measure': 10, 'after_onset_measure': 50, 'after_onset_stats': 100, 'monitor_delay_correction': -5, 'threshold_baseline_weight': 0.1, 'threshold_peak_weight': 0.9, 'highline_detection_window': 20, 'max_time_error': 17.0}
2025-10-03 13:04:54 - process_20251003_130454 - INFO - 开始步骤: process_full_synchronization - 开始完整同步处理流程
2025-10-03 13:04:54 - process_20251003_130454 - INFO - 步骤1: 准备并检查设备间同步
2025-10-03 13:04:59 - process_20251003_130454 - INFO - IMEC Event 64 : 12710 Times
2025-10-03 13:04:59 - process_20251003_130454 - INFO - IMEC Event 128 : 1 Times
2025-10-03 13:05:00 - process_20251003_130454 - INFO - NI Event 1 (sync) : 12710 Times
2025-10-03 13:05:00 - process_20251003_130454 - INFO - NI Event 2 : 764 Times
2025-10-03 13:05:00 - process_20251003_130454 - INFO - NI Event 4 : 56 Times
2025-10-03 13:05:00 - process_20251003_130454 - INFO - NI Event 8 (trial_start) : 820 Times
2025-10-03 13:05:00 - process_20251003_130454 - INFO - NI Event 16 : 764 Times
2025-10-03 13:05:00 - process_20251003_130454 - INFO - NI Event 32 : 13758 Times
2025-10-03 13:05:00 - process_20251003_130454 - INFO - NI Event 64 (stim_onset) : 14281 Times
2025-10-03 13:05:00 - process_20251003_130454 - INFO - NI Event 128 : 3062 Times
2025-10-03 13:05:00 - process_20251003_130454 - WARNING - 同步质量警告: 最大误差 53.656ms 超过阈值 17.0ms
2025-10-03 13:05:00 - process_20251003_130454 - INFO - 步骤2: 检查MonkeyLogic和NI设备对齐
2025-10-03 13:05:00 - process_20251003_130454 - INFO - MonkeyLogic Has 764 trials 14281 onset (code 64) 13758 offset (code 32)
2025-10-03 13:05:00 - process_20251003_130454 - INFO - SGLX onset count: 14281 (bit 6), MaxErr: 0
2025-10-03 13:05:00 - process_20251003_130454 - INFO - 步骤3: 提取数据集信息
2025-10-03 13:05:00 - process_20251003_130454 - INFO - 数据集名称: fewshot
2025-10-03 13:05:00 - process_20251003_130454 - INFO - 步骤4: 眼动验证和试次筛选
2025-10-03 13:05:00 - process_20251003_130454 - INFO - 眼动验证完成: 14281个有效onset, 图像数量: 1150
2025-10-03 13:05:00 - process_20251003_130454 - INFO - 步骤5: 光敏二极管时间校准
2025-10-03 13:05:04 - process_20251003_130454 - INFO - 光敏二极管校准完成: 14281个onset, 延迟范围: 17.0~36.0ms
2025-10-03 13:05:04 - process_20251003_130454 - INFO - 步骤6: 生成数据检查可视化
2025-10-03 13:05:05 - process_20251003_130454 - INFO - 可视化图表生成完成
2025-10-03 13:05:05 - process_20251003_130454 - INFO - 步骤7: 准备导出数据
2025-10-03 13:05:09 - process_20251003_130454 - INFO - 导出数据准备完成
2025-10-03 13:05:09 - process_20251003_130454 - INFO - 步骤8: 导出数据到HDF5文件
2025-10-03 13:05:11 - process_20251003_130454 - INFO - 步骤完成: process_full_synchronization (耗时: 0:00:16.411175) - 完整同步处理流程完成
