2025-11-02 13:55:11 - process_20251102_135511 - INFO - Bombcell Python API已就绪
2025-11-02 13:55:11 - process_20251102_135511 - INFO - 验证Kilosort输出目录: F:\#TripleN10k\data\processed\SI\KS4\sorter_output
2025-11-02 13:55:11 - process_20251102_135511 - WARNING - 部分Kilosort文件缺失: ['cluster_info.tsv']
2025-11-02 13:55:11 - process_20251102_135511 - INFO - 开始步骤: setup_bombcell_params - 设置Bombcell参数
2025-11-02 13:55:11 - process_20251102_135511 - INFO - 找到ap.bin和ap.meta文件: F:\#TripleN10k\data\NPX_FF_251024_exp_g7\NPX_FF_251024_exp_g7_imec0\NPX_FF_251024_exp_g7_t0.imec0.ap.bin和F:\#TripleN10k\data\NPX_FF_251024_exp_g7\NPX_FF_251024_exp_g7_imec0\NPX_FF_251024_exp_g7_t0.imec0.ap.meta
2025-11-02 13:55:11 - process_20251102_135511 - INFO - 使用Bombcell默认参数
2025-11-02 13:55:11 - process_20251102_135511 - INFO - 步骤完成: setup_bombcell_params (耗时: 0:00:00.024002) - Bombcell参数设置完成
2025-11-02 13:55:11 - process_20251102_135511 - INFO - 开始步骤: run_quality_control - 运行Bombcell质量控制
2025-11-02 13:55:11 - process_20251102_135511 - INFO - Bombcell结果保存路径: F:\#TripleN10k\data\processed\SI\bombcell
2025-11-02 13:55:11 - process_20251102_135511 - INFO - 运行Bombcell分析，保存路径: F:\#TripleN10k\data\processed\SI\bombcell
2025-11-02 13:55:11 - process_20251102_135511 - INFO - 开始Bombcell分析...
2025-11-02 13:56:33 - process_20251102_135511 - INFO - Bombcell结果已保存到: F:\#TripleN10k\data\processed\SI\bombcell\bombcell_results.json
2025-11-02 13:56:33 - process_20251102_135511 - INFO - 处理结果 (Bombcell质量控制结果):
  total_units: 361
  good_units: 25
  mua_units: 162
  no-somatic_units: 147
  noise_units: 27
  good_unit_ratio: 0.925207756232687
  qMetric_summary: {'phy_clusterID': {'mean': 180.0, 'std': 104.21132376090422, 'median': 180.0}, 'nSpikes': {'mean': 28787.12188365651, 'std': 55036.07776084851, 'median': 10734.0}, 'nPeaks': {'mean': 1.2367688022284122, 'std': 0.4566886135246618, 'median': 1.0}, 'nTroughs': {'mean': 1.0194986072423398, 'std': 0.15712874402418336, 'median': 1.0}, 'waveformDuration_peakTrough': {'mean': 495.5431754874652, 'std': 159.44019769488514, 'median': 533.3333333333334}, 'spatialDecaySlope': {'mean': 0.01889113520899718, 'std': 0.011815225215775082, 'median': 0.014331586205314514}, 'waveformBaselineFlatness': {'mean': 0.08903242208188125, 'std': 0.0458965248900338, 'median': 0.08095818012952805}, 'scndPeakToTroughRatio': {'mean': 0.29169547071156393, 'std': 0.1942071516619961, 'median': 0.2576533555984497}, 'mainPeakToTroughRatio': {'mean': 1.4056348882843857, 'std': 1.2605122874758303, 'median': 0.46862319111824036}, 'peak1ToPeak2Ratio': {'mean': 8.367030074124674, 'std': 12.530605616364996, 'median': 0.49561724066734314}, 'troughToPeak2Ratio': {'mean': 9.762037710559069, 'std': 28.43262942078582, 'median': 5.819280624389648}, 'mainPeak_before_width': {'mean': 6.042618934587234, 'std': 1.5300578173003088, 'median': 6.15730915827908}, 'mainTrough_width': {'mean': 10.77157292694012, 'std': 6.015773838444247, 'median': 7.188763708019138}, 'percentageSpikesMissing_gaussian': {'mean': 3.2880642751802562, 'std': 1.8842362998442748, 'median': 2.8245669256501404}, 'percentageSpikesMissing_symmetric': {'mean': 15.584075023336856, 'std': 8.14214170641537, 'median': 16.876971608832807}, 'RPV_window_index': {'mean': 5.272980501392758, 'std': 4.208774463132226, 'median': 9.0}, 'fractionRPVs_estimatedTauR': {'mean': 0.5331330870666502, 'std': 0.4206015203975522, 'median': 0.46116007378561186}, 'presenceRatio': {'mean': 0.9077920910969703, 'std': 0.19337432733201604, 'median': 1.0}, 'maxDriftEstimate': {'mean': 2218.6811048698955, 'std': 2655.704952826274, 'median': 108.40478515625}, 'cumDriftEstimate': {'mean': 126361.7216767657, 'std': 235690.54610414352, 'median': 4101.0595703125}, 'rawAmplitude': {'mean': 8.931407895115042, 'std': 10.083604737561833, 'median': 7.274908282654678}, 'signalToNoiseRatio': {'mean': 25.265111341150735, 'std': 29.527746357350196, 'median': 18.08250796150328}, 'isolationDistance': {'mean': nan, 'std': nan, 'median': nan}, 'Lratio': {'mean': nan, 'std': nan, 'median': nan}, 'silhouetteScore': {'mean': nan, 'std': nan, 'median': nan}, 'useTheseTimesStart': {'mean': 0.0071666666666666675, 'std': 8.673617379884035e-19, 'median': 0.007166666666666667}, 'useTheseTimesStop': {'mean': 20467.484400000005, 'std': 3.637978807091713e-12, 'median': 20467.4844}, 'maxChannels': {'mean': 185.21883656509695, 'std': 115.17677262652849, 'median': 166.0}}
2025-11-02 13:56:33 - process_20251102_135511 - INFO - 步骤完成: run_quality_control (耗时: 0:01:22.150015) - Bombcell分析完成：25/361 个优质神经元
