2026-03-29 21:21:24 - process_20260329_212124 - INFO - Bombcell Python API已就绪
2026-03-29 21:21:24 - process_20260329_212124 - INFO - 验证Kilosort输出目录: E:\TripleN10k_Faladi_260325\processed\SI\KS4\sorter_output
2026-03-29 21:21:24 - process_20260329_212124 - WARNING - 部分Kilosort文件缺失: ['cluster_info.tsv']
2026-03-29 21:21:24 - process_20260329_212124 - INFO - 开始步骤: setup_bombcell_params - 设置Bombcell参数
2026-03-29 21:21:24 - process_20260329_212124 - INFO - 找到ap.bin和ap.meta文件: E:\TripleN10k_Faladi_260325\NPX_FLD260325_exp2_g7\NPX_FLD260325_exp2_g7_imec0\NPX_FLD260325_exp2_g7_t0.imec0.ap.bin和E:\TripleN10k_Faladi_260325\NPX_FLD260325_exp2_g7\NPX_FLD260325_exp2_g7_imec0\NPX_FLD260325_exp2_g7_t0.imec0.ap.meta
2026-03-29 21:21:24 - process_20260329_212124 - INFO - 使用Bombcell默认参数
2026-03-29 21:21:24 - process_20260329_212124 - INFO - 步骤完成: setup_bombcell_params (耗时: 0:00:00.003003) - Bombcell参数设置完成
2026-03-29 21:21:24 - process_20260329_212124 - INFO - 开始步骤: run_quality_control - 运行Bombcell质量控制
2026-03-29 21:21:24 - process_20260329_212124 - INFO - Bombcell结果保存路径: E:\TripleN10k_Faladi_260325\processed\SI\bombcell
2026-03-29 21:21:24 - process_20260329_212124 - INFO - 运行Bombcell分析，保存路径: E:\TripleN10k_Faladi_260325\processed\SI\bombcell
2026-03-29 21:21:24 - process_20260329_212124 - INFO - 开始Bombcell分析...
2026-03-29 21:25:55 - process_20260329_212124 - INFO - Bombcell结果已保存到: E:\TripleN10k_Faladi_260325\processed\SI\bombcell\bombcell_results.json
2026-03-29 21:25:55 - process_20260329_212124 - INFO - 处理结果 (Bombcell质量控制结果):
  total_units: 706
  good_units: 40
  mua_units: 322
  no-somatic_units: 260
  noise_units: 84
  good_unit_ratio: 0.8810198300283286
  qMetric_summary: {'phy_clusterID': {'mean': 352.5, 'std': 203.80444057968904, 'median': 352.5}, 'nSpikes': {'mean': 50764.668555240794, 'std': 59587.85794994606, 'median': 29782.5}, 'nPeaks': {'mean': 1.4624113475177305, 'std': 0.5098378280738528, 'median': 1.0}, 'nTroughs': {'mean': 1.0425531914893618, 'std': 0.2018475102235136, 'median': 1.0}, 'waveformDuration_peakTrough': {'mean': 322.45862884160755, 'std': 138.00883092658515, 'median': 300.0}, 'spatialDecaySlope': {'mean': 0.026094846520820895, 'std': 0.01397343485887336, 'median': 0.02523225134047257}, 'waveformBaselineFlatness': {'mean': 0.09610419656870002, 'std': 0.062394663462263994, 'median': 0.0830177441239357}, 'scndPeakToTroughRatio': {'mean': 0.3170575575685089, 'std': 0.7109240579580274, 'median': 0.18820327520370483}, 'mainPeakToTroughRatio': {'mean': 1.6152245301938226, 'std': 1.7525663413295098, 'median': 0.5421483516693115}, 'peak1ToPeak2Ratio': {'mean': 20.267456106072068, 'std': 30.743624630378367, 'median': 1.514751672744751}, 'troughToPeak2Ratio': {'mean': 24.614887143185374, 'std': 510.561785404923, 'median': 2.7979671955108643}, 'mainPeak_before_width': {'mean': 4.652770321170167, 'std': 1.7054174058324438, 'median': 4.369342782351428}, 'mainTrough_width': {'mean': 7.090499507679136, 'std': 4.358880377690826, 'median': 5.891944845471812}, 'percentageSpikesMissing_gaussian': {'mean': 7.923878237182088, 'std': 12.75594981038707, 'median': 4.389595297545334}, 'percentageSpikesMissing_symmetric': {'mean': 14.28066409823257, 'std': 10.131432422879621, 'median': 16.160687164602248}, 'RPV_window_index': {'mean': 5.7957446808510635, 'std': 4.076674217104033, 'median': 9.0}, 'fractionRPVs_estimatedTauR': {'mean': 0.6764855585268402, 'std': 0.40524592342818905, 'median': 1.0}, 'presenceRatio': {'mean': 0.8507987008682972, 'std': 0.24552827866458646, 'median': 0.9875389408099688}, 'maxDriftEstimate': {'mean': 428.42210442871914, 'std': 824.6749628665876, 'median': 56.72674560546875}, 'cumDriftEstimate': {'mean': 10910.370144134049, 'std': 39652.553334825345, 'median': 1699.8486328125}, 'rawAmplitude': {'mean': 22.65301567562357, 'std': 81.61707295825367, 'median': 7.3857226665785305}, 'signalToNoiseRatio': {'mean': 10.193363677521871, 'std': 16.180459550195472, 'median': 6.502954464015966}, 'isolationDistance': {'mean': nan, 'std': nan, 'median': nan}, 'Lratio': {'mean': nan, 'std': nan, 'median': nan}, 'silhouetteScore': {'mean': nan, 'std': nan, 'median': nan}, 'useTheseTimesStart': {'mean': 0.0007, 'std': 0.0, 'median': 0.0007}, 'useTheseTimesStop': {'mean': 19261.498633333333, 'std': 0.0, 'median': 19261.498633333333}, 'maxChannels': {'mean': 162.3611898016997, 'std': 98.57110069996142, 'median': 153.5}}
2026-03-29 21:25:55 - process_20260329_212124 - INFO - 步骤完成: run_quality_control (耗时: 0:04:31.623981) - Bombcell分析完成：40/706 个优质神经元
