2026-03-05 23:59:38 - process_20260305_235938 - INFO - 同步器参数已从配置加载: {'eye_threshold': 0.999, 'before_onset_measure': 10, 'after_onset_measure': 50, 'after_onset_stats': 100, 'monitor_delay_correction': -5, 'threshold_baseline_weight': 0.1, 'threshold_peak_weight': 0.9, 'highline_detection_window': 20, 'max_time_error': 17.0}
2026-03-05 23:59:38 - process_20260305_235938 - INFO - 开始步骤: process_full_synchronization - 开始完整同步处理流程
2026-03-05 23:59:38 - process_20260305_235938 - INFO - 步骤1: 准备并检查设备间同步
2026-03-06 00:00:32 - process_20260305_235938 - INFO - IMEC Event 64 : 20163 Times
2026-03-06 00:00:32 - process_20260305_235938 - INFO - IMEC Event 128 : 1 Times
2026-03-06 00:00:32 - process_20260305_235938 - INFO - NI Event 1 (sync) : 20163 Times
2026-03-06 00:00:32 - process_20260305_235938 - INFO - NI Event 2 : 1595 Times
2026-03-06 00:00:32 - process_20260305_235938 - INFO - NI Event 4 : 13 Times
2026-03-06 00:00:32 - process_20260305_235938 - INFO - NI Event 8 (trial_start) : 1608 Times
2026-03-06 00:00:32 - process_20260305_235938 - INFO - NI Event 16 : 1595 Times
2026-03-06 00:00:32 - process_20260305_235938 - INFO - NI Event 32 : 50506 Times
2026-03-06 00:00:32 - process_20260305_235938 - INFO - NI Event 64 (stim_onset) : 50989 Times
2026-03-06 00:00:32 - process_20260305_235938 - INFO - NI Event 128 : 4434 Times
2026-03-06 00:00:32 - process_20260305_235938 - WARNING - 同步质量警告: 最大误差 30.133ms 超过阈值 17.0ms
2026-03-06 00:00:32 - process_20260305_235938 - INFO - 步骤2: 检查MonkeyLogic和NI设备对齐
2026-03-06 00:00:32 - process_20260305_235938 - INFO - MonkeyLogic Has 1595 trials 50989 onset (code 64) 50506 offset (code 32)
2026-03-06 00:00:32 - process_20260305_235938 - INFO - SGLX onset count: 50989 (bit 6), MaxErr: 0
2026-03-06 00:00:32 - process_20260305_235938 - INFO - 步骤3: 提取数据集信息
2026-03-06 00:00:32 - process_20260305_235938 - INFO - 数据集名称: nsd1w
2026-03-06 00:00:32 - process_20260305_235938 - INFO - 步骤4: 眼动验证和试次筛选
2026-03-06 00:00:34 - process_20260305_235938 - INFO - 眼动验证完成: 50989个有效onset, 图像数量: 10072
2026-03-06 00:00:34 - process_20260305_235938 - INFO - 步骤5: 光敏二极管时间校准
2026-03-06 00:00:45 - process_20260305_235938 - INFO - 光敏二极管校准完成: 50989个onset, 延迟范围: 17.0~44.0ms
2026-03-06 00:00:46 - process_20260305_235938 - INFO - 步骤6: 生成数据检查可视化
2026-03-06 00:00:47 - process_20260305_235938 - INFO - 可视化图表生成完成
2026-03-06 00:00:47 - process_20260305_235938 - INFO - 步骤7: 准备导出数据
2026-03-06 00:00:52 - process_20260305_235938 - INFO - 导出数据准备完成
2026-03-06 00:00:52 - process_20260305_235938 - INFO - 步骤8: 导出数据到HDF5文件
2026-03-06 00:00:53 - process_20260305_235938 - INFO - 步骤完成: process_full_synchronization (耗时: 0:01:15.601500) - 完整同步处理流程完成
