2025-10-03 12:35:09 - process_20251003_123509 - INFO - 同步器参数已从配置加载: {'eye_threshold': 0.999, 'before_onset_measure': 10, 'after_onset_measure': 50, 'after_onset_stats': 100, 'monitor_delay_correction': -5, 'threshold_baseline_weight': 0.1, 'threshold_peak_weight': 0.9, 'highline_detection_window': 20, 'max_time_error': 17.0}
2025-10-03 12:35:09 - process_20251003_123509 - INFO - 开始步骤: process_full_synchronization - 开始完整同步处理流程
2025-10-03 12:35:09 - process_20251003_123509 - INFO - 步骤1: 准备并检查设备间同步
2025-10-03 12:36:37 - process_20251003_123509 - INFO - IMEC Event 64 : 12710 Times
2025-10-03 12:36:37 - process_20251003_123509 - INFO - IMEC Event 128 : 1 Times
2025-10-03 12:36:38 - process_20251003_123509 - INFO - NI Event 1 (sync) : 12710 Times
2025-10-03 12:36:38 - process_20251003_123509 - INFO - NI Event 2 : 764 Times
2025-10-03 12:36:38 - process_20251003_123509 - INFO - NI Event 4 : 56 Times
2025-10-03 12:36:38 - process_20251003_123509 - INFO - NI Event 8 (trial_start) : 820 Times
2025-10-03 12:36:38 - process_20251003_123509 - INFO - NI Event 16 : 764 Times
2025-10-03 12:36:38 - process_20251003_123509 - INFO - NI Event 32 : 13758 Times
2025-10-03 12:36:38 - process_20251003_123509 - INFO - NI Event 64 (stim_onset) : 14281 Times
2025-10-03 12:36:38 - process_20251003_123509 - INFO - NI Event 128 : 3062 Times
2025-10-03 12:36:38 - process_20251003_123509 - WARNING - 同步失败: NI=12710, IMEC=12711
2025-10-03 12:36:38 - process_20251003_123509 - INFO - 步骤2: 检查MonkeyLogic和NI设备对齐
2025-10-03 12:36:38 - process_20251003_123509 - INFO - MonkeyLogic Has 764 trials 14281 onset (code 64) 13758 offset (code 32)
2025-10-03 12:36:38 - process_20251003_123509 - INFO - SGLX onset count: 14281 (bit 6), MaxErr: 0
2025-10-03 12:36:38 - process_20251003_123509 - INFO - 步骤3: 提取数据集信息
2025-10-03 12:36:38 - process_20251003_123509 - INFO - 数据集名称: fewshot
2025-10-03 12:36:38 - process_20251003_123509 - INFO - 步骤4: 眼动验证和试次筛选
2025-10-03 12:36:38 - process_20251003_123509 - ERROR - 眼动验证失败: index 1293 is out of bounds for axis 0 with size 1293
2025-10-03 12:36:38 - process_20251003_123509 - ERROR - 步骤失败: process_full_synchronization (耗时: 0:01:29.314091) - index 1293 is out of bounds for axis 0 with size 1293
